Using pre-set license
Built from '2020.3/staging' branch; Version is '2020.3.8f1 (507919d4fff5) revision 5273881'; Using compiler version '192528614'; Build Type 'Release'
OS: 'Windows 10 Pro; OS build 17134.2208; Version 1803; 64bit' Language: 'fr' Physical Memory: 32690 MB
BatchMode: 1, IsHumanControllingUs: 0, StartBugReporterOnCrash: 0, Is64bit: 1, IsPro: 0

 COMMAND LINE ARGUMENTS:
C:\Program Files\Unity_2020\Editor\Unity.exe
-adb2
-batchMode
-noUpm
-name
AssetImportWorker0
-projectPath
C:/Users/acocan/Documents/GitHub/Marche-l-ombre
-logFile
Logs/AssetImportWorker0.log
-srvPort
50206
Successfully changed project path to: C:/Users/acocan/Documents/GitHub/Marche-l-ombre
C:/Users/acocan/Documents/GitHub/Marche-l-ombre
Using Asset Import Pipeline V2.
Refreshing native plugins compatible for Editor in 155.82 ms, found 14 plugins.
Preloading 0 native plugins for Editor in 0.00 ms.
Initialize engine version: 2020.3.8f1 (507919d4fff5)
[Subsystems] Discovering subsystems at path C:/Program Files/Unity_2020/Editor/Data/Resources/UnitySubsystems
[Subsystems] Discovering subsystems at path C:/Users/acocan/Documents/GitHub/Marche-l-ombre/Assets
GfxDevice: creating device client; threaded=0
Direct3D:
    Version:  Direct3D 11.0 [level 11.1]
    Renderer: NVIDIA GeForce GTX 1080 (ID=0x1b80)
    Vendor:   
    VRAM:     8079 MB
    Driver:   23.21.13.9125
Initialize mono
Mono path[0] = 'C:/Program Files/Unity_2020/Editor/Data/Managed'
Mono path[1] = 'C:/Program Files/Unity_2020/Editor/Data/MonoBleedingEdge/lib/mono/unityjit'
Mono config path = 'C:/Program Files/Unity_2020/Editor/Data/MonoBleedingEdge/etc'
Using monoOptions --debugger-agent=transport=dt_socket,embedding=1,server=y,suspend=n,address=127.0.0.1:56184
Begin MonoManager ReloadAssembly
Registering precompiled unity dll's ...
Register platform support module: C:/Program Files/Unity_2020/Editor/Data/PlaybackEngines/WebGLSupport/UnityEditor.WebGL.Extensions.dll
Register platform support module: C:/Program Files/Unity_2020/Editor/Data/PlaybackEngines/MacStandaloneSupport/UnityEditor.OSXStandalone.Extensions.dll
Register platform support module: C:/Program Files/Unity_2020/Editor/Data/PlaybackEngines/WindowsStandaloneSupport/UnityEditor.WindowsStandalone.Extensions.dll
Register platform support module: C:/Program Files/Unity_2020/Editor/Data/PlaybackEngines/LinuxStandaloneSupport/UnityEditor.LinuxStandalone.Extensions.dll
Registered in 0.006217 seconds.
Native extension for LinuxStandalone target not found
Native extension for WindowsStandalone target not found
Native extension for OSXStandalone target not found
Native extension for WebGL target not found
Refreshing native plugins compatible for Editor in 73.06 ms, found 14 plugins.
Preloading 0 native plugins for Editor in 0.00 ms.
Mono: successfully reloaded assembly
- Completed reload, in  2.533 seconds
Platform modules already initialized, skipping
Registering precompiled user dll's ...
Registered in 0.045650 seconds.
Begin MonoManager ReloadAssembly
Symbol file LoadedFromMemory doesn't match image C:\Users\acocan\Documents\GitHub\Marche-l-ombre\Library\PackageCache\com.unity.collab-proxy@1.15.15\Lib\Editor\PlasticSCM\unityplastic.dll
Native extension for LinuxStandalone target not found
Native extension for WindowsStandalone target not found
Native extension for OSXStandalone target not found
Native extension for WebGL target not found
Refreshing native plugins compatible for Editor in 107.88 ms, found 14 plugins.
Preloading 0 native plugins for Editor in 0.00 ms.
Mono: successfully reloaded assembly
- Completed reload, in  2.118 seconds
Platform modules already initialized, skipping
========================================================================
Worker process is ready to serve import requests
Launched and connected shader compiler UnityShaderCompiler.exe after 0.07 seconds
Refreshing native plugins compatible for Editor in 2.52 ms, found 14 plugins.
Preloading 0 native plugins for Editor in 0.00 ms.
Unloading 2940 Unused Serialized files (Serialized files now loaded: 0)
System memory in use before: 120.1 MB.
System memory in use after: 120.3 MB.

Unloading 134 unused Assets to reduce memory usage. Loaded Objects now: 3265.
Total: 5.785672 ms (FindLiveObjects: 0.559510 ms CreateObjectMapping: 0.186966 ms MarkObjects: 4.724073 ms  DeleteObjects: 0.313736 ms)

========================================================================
Received Import Request.
  path: Assets/Scenes
  artifactKey: Guid(07e29144b88492a4094eec819e6d2a76) Importer(815301076,1909f56bfc062723c751e8b465ee728b)
Start importing Assets/Scenes using Guid(07e29144b88492a4094eec819e6d2a76) Importer(815301076,1909f56bfc062723c751e8b465ee728b)  -> (artifact id: '20e330ae95b30184f5499ba8e2b76c1b') in 0.013767 seconds
  Import took 0.020535 seconds .

========================================================================
Received Import Request.
  Time since last request: 0.000295 seconds.
  path: Assets/Scenes/VRScene.unity
  artifactKey: Guid(9fc0d4010bbf28b4594072e72b8655ab) Importer(815301076,1909f56bfc062723c751e8b465ee728b)
Start importing Assets/Scenes/VRScene.unity using Guid(9fc0d4010bbf28b4594072e72b8655ab) Importer(815301076,1909f56bfc062723c751e8b465ee728b)  -> (artifact id: '4f3fd246722deeac9589588871845a47') in 0.015793 seconds
  Import took 0.025993 seconds .

========================================================================
Received Import Request.
  Time since last request: 0.956339 seconds.
  path: Assets/Scenes/VRScene.unity
  artifactKey: Guid(9fc0d4010bbf28b4594072e72b8655ab) Importer(815301076,1909f56bfc062723c751e8b465ee728b)
Start importing Assets/Scenes/VRScene.unity using Guid(9fc0d4010bbf28b4594072e72b8655ab) Importer(815301076,1909f56bfc062723c751e8b465ee728b)  -> (artifact id: '4f3fd246722deeac9589588871845a47') in 0.005197 seconds
  Import took 0.024846 seconds .

========================================================================
Received Prepare
Refreshing native plugins compatible for Editor in 62.58 ms, found 14 plugins.
Preloading 0 native plugins for Editor in 0.00 ms.
Unloading 124 Unused Serialized files (Serialized files now loaded: 0)
System memory in use before: 62.7 MB.
System memory in use after: 62.9 MB.

Unloading 124 unused Assets to reduce memory usage. Loaded Objects now: 3265.
Total: 3.004211 ms (FindLiveObjects: 0.323445 ms CreateObjectMapping: 0.125661 ms MarkObjects: 2.509057 ms  DeleteObjects: 0.045216 ms)

========================================================================
Received Prepare
Registering precompiled user dll's ...
Registered in 0.051480 seconds.
Begin MonoManager ReloadAssembly
Symbol file LoadedFromMemory doesn't match image C:\Users\acocan\Documents\GitHub\Marche-l-ombre\Library\PackageCache\com.unity.collab-proxy@1.15.15\Lib\Editor\PlasticSCM\unityplastic.dll
Native extension for LinuxStandalone target not found
Native extension for WindowsStandalone target not found
Native extension for OSXStandalone target not found
Native extension for WebGL target not found
Refreshing native plugins compatible for Editor in 1.65 ms, found 14 plugins.
Preloading 0 native plugins for Editor in 0.00 ms.
Mono: successfully reloaded assembly
- Completed reload, in  1.889 seconds
Platform modules already initialized, skipping
Refreshing native plugins compatible for Editor in 3.07 ms, found 14 plugins.
Preloading 0 native plugins for Editor in 0.00 ms.
Unloading 2902 Unused Serialized files (Serialized files now loaded: 0)
System memory in use before: 117.7 MB.
System memory in use after: 117.9 MB.

Unloading 127 unused Assets to reduce memory usage. Loaded Objects now: 3269.
Total: 3.648604 ms (FindLiveObjects: 0.657154 ms CreateObjectMapping: 0.197507 ms MarkObjects: 2.718769 ms  DeleteObjects: 0.072955 ms)

========================================================================
Received Prepare
Registering precompiled user dll's ...
Registered in 2.171674 seconds.
Begin MonoManager ReloadAssembly
Symbol file LoadedFromMemory doesn't match image C:\Users\acocan\Documents\GitHub\Marche-l-ombre\Library\PackageCache\com.unity.collab-proxy@1.15.15\Lib\Editor\PlasticSCM\unityplastic.dll
Native extension for LinuxStandalone target not found
Native extension for WindowsStandalone target not found
Native extension for OSXStandalone target not found
Native extension for WebGL target not found
Refreshing native plugins compatible for Editor in 2.97 ms, found 14 plugins.
Preloading 0 native plugins for Editor in 0.00 ms.
Mono: successfully reloaded assembly
- Completed reload, in  7.060 seconds
Platform modules already initialized, skipping
Refreshing native plugins compatible for Editor in 2.63 ms, found 14 plugins.
Preloading 0 native plugins for Editor in 0.00 ms.
Unloading 2902 Unused Serialized files (Serialized files now loaded: 0)
System memory in use before: 117.8 MB.
System memory in use after: 118.0 MB.

Unloading 127 unused Assets to reduce memory usage. Loaded Objects now: 3273.
Total: 3.302690 ms (FindLiveObjects: 0.282668 ms CreateObjectMapping: 0.233291 ms MarkObjects: 2.717660 ms  DeleteObjects: 0.068240 ms)

========================================================================
Received Prepare
Registering precompiled user dll's ...
Registered in 0.051105 seconds.
Begin MonoManager ReloadAssembly
Symbol file LoadedFromMemory doesn't match image C:\Users\acocan\Documents\GitHub\Marche-l-ombre\Library\PackageCache\com.unity.collab-proxy@1.15.15\Lib\Editor\PlasticSCM\unityplastic.dll
Native extension for LinuxStandalone target not found
Native extension for WindowsStandalone target not found
Native extension for OSXStandalone target not found
Native extension for WebGL target not found
Refreshing native plugins compatible for Editor in 1.76 ms, found 14 plugins.
Preloading 0 native plugins for Editor in 0.00 ms.
Mono: successfully reloaded assembly
- Completed reload, in  1.777 seconds
Platform modules already initialized, skipping
Refreshing native plugins compatible for Editor in 1.98 ms, found 14 plugins.
Preloading 0 native plugins for Editor in 0.00 ms.
Unloading 2902 Unused Serialized files (Serialized files now loaded: 0)
System memory in use before: 117.8 MB.
System memory in use after: 118.0 MB.

Unloading 127 unused Assets to reduce memory usage. Loaded Objects now: 3277.
Total: 5.101056 ms (FindLiveObjects: 0.782537 ms CreateObjectMapping: 0.306801 ms MarkObjects: 3.944587 ms  DeleteObjects: 0.065466 ms)

========================================================================
Received Prepare
Registering precompiled user dll's ...
Registered in 0.097015 seconds.
Begin MonoManager ReloadAssembly
Symbol file LoadedFromMemory doesn't match image C:\Users\acocan\Documents\GitHub\Marche-l-ombre\Library\PackageCache\com.unity.collab-proxy@1.15.15\Lib\Editor\PlasticSCM\unityplastic.dll
Native extension for LinuxStandalone target not found
Native extension for WindowsStandalone target not found
Native extension for OSXStandalone target not found
Native extension for WebGL target not found
Refreshing native plugins compatible for Editor in 2.33 ms, found 14 plugins.
Preloading 0 native plugins for Editor in 0.00 ms.
Mono: successfully reloaded assembly
- Completed reload, in  4.153 seconds
Platform modules already initialized, skipping
Refreshing native plugins compatible for Editor in 4.22 ms, found 14 plugins.
Preloading 0 native plugins for Editor in 0.00 ms.
Unloading 2902 Unused Serialized files (Serialized files now loaded: 0)
System memory in use before: 117.8 MB.
System memory in use after: 118.0 MB.

Unloading 127 unused Assets to reduce memory usage. Loaded Objects now: 3281.
Total: 11.099491 ms (FindLiveObjects: 2.101006 ms CreateObjectMapping: 0.603061 ms MarkObjects: 8.288349 ms  DeleteObjects: 0.105134 ms)

========================================================================
Received Prepare
Registering precompiled user dll's ...
Registered in 0.047361 seconds.
Begin MonoManager ReloadAssembly
Symbol file LoadedFromMemory doesn't match image C:\Users\acocan\Documents\GitHub\Marche-l-ombre\Library\PackageCache\com.unity.collab-proxy@1.15.15\Lib\Editor\PlasticSCM\unityplastic.dll
Native extension for LinuxStandalone target not found
Native extension for WindowsStandalone target not found
Native extension for OSXStandalone target not found
Native extension for WebGL target not found
Refreshing native plugins compatible for Editor in 1.83 ms, found 14 plugins.
Preloading 0 native plugins for Editor in 0.00 ms.
Mono: successfully reloaded assembly
- Completed reload, in  1.502 seconds
Platform modules already initialized, skipping
Refreshing native plugins compatible for Editor in 1.72 ms, found 14 plugins.
Preloading 0 native plugins for Editor in 0.00 ms.
Unloading 2902 Unused Serialized files (Serialized files now loaded: 0)
System memory in use before: 117.8 MB.
System memory in use after: 118.1 MB.

Unloading 127 unused Assets to reduce memory usage. Loaded Objects now: 3285.
Total: 2.794221 ms (FindLiveObjects: 0.356178 ms CreateObjectMapping: 0.186966 ms MarkObjects: 2.190605 ms  DeleteObjects: 0.059363 ms)

========================================================================
Received Prepare
Registering precompiled user dll's ...
Registered in 0.041027 seconds.
Begin MonoManager ReloadAssembly
Symbol file LoadedFromMemory doesn't match image C:\Users\acocan\Documents\GitHub\Marche-l-ombre\Library\PackageCache\com.unity.collab-proxy@1.15.15\Lib\Editor\PlasticSCM\unityplastic.dll
Native extension for LinuxStandalone target not found
Native extension for WindowsStandalone target not found
Native extension for OSXStandalone target not found
Native extension for WebGL target not found
Refreshing native plugins compatible for Editor in 2.06 ms, found 14 plugins.
Preloading 0 native plugins for Editor in 0.00 ms.
Mono: successfully reloaded assembly
- Completed reload, in  1.292 seconds
Platform modules already initialized, skipping
Refreshing native plugins compatible for Editor in 2.19 ms, found 14 plugins.
Preloading 0 native plugins for Editor in 0.00 ms.
Unloading 2902 Unused Serialized files (Serialized files now loaded: 0)
System memory in use before: 117.8 MB.
System memory in use after: 118.1 MB.

Unloading 127 unused Assets to reduce memory usage. Loaded Objects now: 3289.
Total: 2.730975 ms (FindLiveObjects: 0.268798 ms CreateObjectMapping: 0.128712 ms MarkObjects: 2.270218 ms  DeleteObjects: 0.061582 ms)

========================================================================
Received Prepare
Registering precompiled user dll's ...
Registered in 0.047204 seconds.
Begin MonoManager ReloadAssembly
Symbol file LoadedFromMemory doesn't match image C:\Users\acocan\Documents\GitHub\Marche-l-ombre\Library\PackageCache\com.unity.collab-proxy@1.15.15\Lib\Editor\PlasticSCM\unityplastic.dll
Native extension for LinuxStandalone target not found
Native extension for WindowsStandalone target not found
Native extension for OSXStandalone target not found
Native extension for WebGL target not found
Refreshing native plugins compatible for Editor in 1.62 ms, found 14 plugins.
Preloading 0 native plugins for Editor in 0.00 ms.
Mono: successfully reloaded assembly
- Completed reload, in  1.421 seconds
Platform modules already initialized, skipping
Refreshing native plugins compatible for Editor in 1.73 ms, found 14 plugins.
Preloading 0 native plugins for Editor in 0.00 ms.
Unloading 2902 Unused Serialized files (Serialized files now loaded: 0)
System memory in use before: 117.9 MB.
System memory in use after: 118.1 MB.

Unloading 127 unused Assets to reduce memory usage. Loaded Objects now: 3293.
Total: 3.085488 ms (FindLiveObjects: 0.359507 ms CreateObjectMapping: 0.116507 ms MarkObjects: 2.543177 ms  DeleteObjects: 0.065188 ms)

========================================================================
Received Prepare
Registering precompiled user dll's ...
Registered in 0.048341 seconds.
Begin MonoManager ReloadAssembly
Symbol file LoadedFromMemory doesn't match image C:\Users\acocan\Documents\GitHub\Marche-l-ombre\Library\PackageCache\com.unity.collab-proxy@1.15.15\Lib\Editor\PlasticSCM\unityplastic.dll
Native extension for LinuxStandalone target not found
Native extension for WindowsStandalone target not found
Native extension for OSXStandalone target not found
Native extension for WebGL target not found
Refreshing native plugins compatible for Editor in 1.67 ms, found 14 plugins.
Preloading 0 native plugins for Editor in 0.00 ms.
Mono: successfully reloaded assembly
- Completed reload, in  1.465 seconds
Platform modules already initialized, skipping
Refreshing native plugins compatible for Editor in 1.65 ms, found 14 plugins.
Preloading 0 native plugins for Editor in 0.00 ms.
Unloading 2902 Unused Serialized files (Serialized files now loaded: 0)
System memory in use before: 117.9 MB.
System memory in use after: 118.1 MB.

Unloading 127 unused Assets to reduce memory usage. Loaded Objects now: 3297.
Total: 3.225851 ms (FindLiveObjects: 0.383085 ms CreateObjectMapping: 0.121500 ms MarkObjects: 2.658019 ms  DeleteObjects: 0.061860 ms)

========================================================================
Received Prepare
Registering precompiled user dll's ...
Registered in 0.046496 seconds.
Begin MonoManager ReloadAssembly
Symbol file LoadedFromMemory doesn't match image C:\Users\acocan\Documents\GitHub\Marche-l-ombre\Library\PackageCache\com.unity.collab-proxy@1.15.15\Lib\Editor\PlasticSCM\unityplastic.dll
Native extension for LinuxStandalone target not found
Native extension for WindowsStandalone target not found
Native extension for OSXStandalone target not found
Native extension for WebGL target not found
Refreshing native plugins compatible for Editor in 1.57 ms, found 14 plugins.
Preloading 0 native plugins for Editor in 0.00 ms.
Mono: successfully reloaded assembly
- Completed reload, in  1.549 seconds
Platform modules already initialized, skipping
Refreshing native plugins compatible for Editor in 1.69 ms, found 14 plugins.
Preloading 0 native plugins for Editor in 0.00 ms.
Unloading 2902 Unused Serialized files (Serialized files now loaded: 0)
System memory in use before: 117.9 MB.
System memory in use after: 118.1 MB.

Unloading 127 unused Assets to reduce memory usage. Loaded Objects now: 3301.
Total: 3.481057 ms (FindLiveObjects: 0.262972 ms CreateObjectMapping: 0.116784 ms MarkObjects: 3.033060 ms  DeleteObjects: 0.067130 ms)

========================================================================
Received Prepare
Registering precompiled user dll's ...
Registered in 0.046646 seconds.
Begin MonoManager ReloadAssembly
Symbol file LoadedFromMemory doesn't match image C:\Users\acocan\Documents\GitHub\Marche-l-ombre\Library\PackageCache\com.unity.collab-proxy@1.15.15\Lib\Editor\PlasticSCM\unityplastic.dll
Native extension for LinuxStandalone target not found
Native extension for WindowsStandalone target not found
Native extension for OSXStandalone target not found
Native extension for WebGL target not found
Refreshing native plugins compatible for Editor in 2.83 ms, found 14 plugins.
Preloading 0 native plugins for Editor in 0.00 ms.
Mono: successfully reloaded assembly
- Completed reload, in  1.574 seconds
Platform modules already initialized, skipping
Refreshing native plugins compatible for Editor in 1.64 ms, found 14 plugins.
Preloading 0 native plugins for Editor in 0.00 ms.
Unloading 2902 Unused Serialized files (Serialized files now loaded: 0)
System memory in use before: 117.9 MB.
System memory in use after: 118.1 MB.

Unloading 127 unused Assets to reduce memory usage. Loaded Objects now: 3305.
Total: 2.737355 ms (FindLiveObjects: 0.270740 ms CreateObjectMapping: 0.120945 ms MarkObjects: 2.287694 ms  DeleteObjects: 0.056589 ms)

========================================================================
Received Prepare
Registering precompiled user dll's ...
Registered in 0.045356 seconds.
Begin MonoManager ReloadAssembly
Symbol file LoadedFromMemory doesn't match image C:\Users\acocan\Documents\GitHub\Marche-l-ombre\Library\PackageCache\com.unity.collab-proxy@1.15.15\Lib\Editor\PlasticSCM\unityplastic.dll
Native extension for LinuxStandalone target not found
Native extension for WindowsStandalone target not found
Native extension for OSXStandalone target not found
Native extension for WebGL target not found
Refreshing native plugins compatible for Editor in 1.76 ms, found 14 plugins.
Preloading 0 native plugins for Editor in 0.00 ms.
Mono: successfully reloaded assembly
- Completed reload, in  1.649 seconds
Platform modules already initialized, skipping
Refreshing native plugins compatible for Editor in 1.97 ms, found 14 plugins.
Preloading 0 native plugins for Editor in 0.00 ms.
Unloading 2902 Unused Serialized files (Serialized files now loaded: 0)
System memory in use before: 117.9 MB.
System memory in use after: 118.1 MB.

Unloading 127 unused Assets to reduce memory usage. Loaded Objects now: 3309.
Total: 2.883543 ms (FindLiveObjects: 0.264637 ms CreateObjectMapping: 0.116784 ms MarkObjects: 2.439708 ms  DeleteObjects: 0.061027 ms)

========================================================================
Received Prepare
Registering precompiled user dll's ...
Registered in 0.052456 seconds.
Begin MonoManager ReloadAssembly
Symbol file LoadedFromMemory doesn't match image C:\Users\acocan\Documents\GitHub\Marche-l-ombre\Library\PackageCache\com.unity.collab-proxy@1.15.15\Lib\Editor\PlasticSCM\unityplastic.dll
Native extension for LinuxStandalone target not found
Native extension for WindowsStandalone target not found
Native extension for OSXStandalone target not found
Native extension for WebGL target not found
Refreshing native plugins compatible for Editor in 1.67 ms, found 14 plugins.
Preloading 0 native plugins for Editor in 0.00 ms.
Mono: successfully reloaded assembly
- Completed reload, in  1.882 seconds
Platform modules already initialized, skipping
Refreshing native plugins compatible for Editor in 2.20 ms, found 14 plugins.
Preloading 0 native plugins for Editor in 0.00 ms.
Unloading 2902 Unused Serialized files (Serialized files now loaded: 0)
System memory in use before: 117.9 MB.
System memory in use after: 118.1 MB.

Unloading 127 unused Assets to reduce memory usage. Loaded Objects now: 3313.
Total: 3.059413 ms (FindLiveObjects: 0.294041 ms CreateObjectMapping: 0.118171 ms MarkObjects: 2.572581 ms  DeleteObjects: 0.073788 ms)

========================================================================
Received Prepare
Registering precompiled user dll's ...
Registered in 0.048511 seconds.
Begin MonoManager ReloadAssembly
Symbol file LoadedFromMemory doesn't match image C:\Users\acocan\Documents\GitHub\Marche-l-ombre\Library\PackageCache\com.unity.collab-proxy@1.15.15\Lib\Editor\PlasticSCM\unityplastic.dll
Native extension for LinuxStandalone target not found
Native extension for WindowsStandalone target not found
Native extension for OSXStandalone target not found
Native extension for WebGL target not found
Refreshing native plugins compatible for Editor in 1.65 ms, found 14 plugins.
Preloading 0 native plugins for Editor in 0.00 ms.
Mono: successfully reloaded assembly
- Completed reload, in  1.663 seconds
Platform modules already initialized, skipping
Refreshing native plugins compatible for Editor in 2.23 ms, found 14 plugins.
Preloading 0 native plugins for Editor in 0.00 ms.
Unloading 2902 Unused Serialized files (Serialized files now loaded: 0)
System memory in use before: 117.9 MB.
System memory in use after: 118.1 MB.

Unloading 127 unused Assets to reduce memory usage. Loaded Objects now: 3317.
Total: 3.691878 ms (FindLiveObjects: 0.688500 ms CreateObjectMapping: 0.179199 ms MarkObjects: 2.760656 ms  DeleteObjects: 0.061860 ms)

========================================================================
Received Prepare
Registering precompiled user dll's ...
Registered in 0.045151 seconds.
Begin MonoManager ReloadAssembly
Symbol file LoadedFromMemory doesn't match image C:\Users\acocan\Documents\GitHub\Marche-l-ombre\Library\PackageCache\com.unity.collab-proxy@1.15.15\Lib\Editor\PlasticSCM\unityplastic.dll
Native extension for LinuxStandalone target not found
Native extension for WindowsStandalone target not found
Native extension for OSXStandalone target not found
Native extension for WebGL target not found
Refreshing native plugins compatible for Editor in 1.61 ms, found 14 plugins.
Preloading 0 native plugins for Editor in 0.00 ms.
Mono: successfully reloaded assembly
- Completed reload, in  1.477 seconds
Platform modules already initialized, skipping
Refreshing native plugins compatible for Editor in 2.22 ms, found 14 plugins.
Preloading 0 native plugins for Editor in 0.00 ms.
Unloading 2902 Unused Serialized files (Serialized files now loaded: 0)
System memory in use before: 117.9 MB.
System memory in use after: 118.2 MB.

Unloading 127 unused Assets to reduce memory usage. Loaded Objects now: 3321.
Total: 2.683817 ms (FindLiveObjects: 0.313736 ms CreateObjectMapping: 0.150072 ms MarkObjects: 2.156485 ms  DeleteObjects: 0.062414 ms)

========================================================================
Received Prepare
Registering precompiled user dll's ...
Registered in 0.073451 seconds.
Begin MonoManager ReloadAssembly
Symbol file LoadedFromMemory doesn't match image C:\Users\acocan\Documents\GitHub\Marche-l-ombre\Library\PackageCache\com.unity.collab-proxy@1.15.15\Lib\Editor\PlasticSCM\unityplastic.dll
Native extension for LinuxStandalone target not found
Native extension for WindowsStandalone target not found
Native extension for OSXStandalone target not found
Native extension for WebGL target not found
Refreshing native plugins compatible for Editor in 1.71 ms, found 14 plugins.
Preloading 0 native plugins for Editor in 0.00 ms.
Mono: successfully reloaded assembly
- Completed reload, in  1.476 seconds
Platform modules already initialized, skipping
Refreshing native plugins compatible for Editor in 1.76 ms, found 14 plugins.
Preloading 0 native plugins for Editor in 0.00 ms.
Unloading 2902 Unused Serialized files (Serialized files now loaded: 0)
System memory in use before: 117.9 MB.
System memory in use after: 118.2 MB.

Unloading 127 unused Assets to reduce memory usage. Loaded Objects now: 3325.
Total: 2.793666 ms (FindLiveObjects: 0.346192 ms CreateObjectMapping: 0.119281 ms MarkObjects: 2.273824 ms  DeleteObjects: 0.052705 ms)

========================================================================
Received Import Request.
  Time since last request: 3689.650479 seconds.
  path: Assets/Scripts/Interface
  artifactKey: Guid(b60b9b029644ce142a2986d8b57dd984) Importer(815301076,1909f56bfc062723c751e8b465ee728b)
Start importing Assets/Scripts/Interface using Guid(b60b9b029644ce142a2986d8b57dd984) Importer(815301076,1909f56bfc062723c751e8b465ee728b)  -> (artifact id: '85d7e91392859ebfa76cca46f5473304') in 0.009333 seconds
  Import took 0.017811 seconds .

========================================================================
Received Import Request.
  Time since last request: 1.435862 seconds.
  path: Assets/Scripts/Interface/Interface.cs
  artifactKey: Guid(871a609fe3c132c4fb60024460ac7ea8) Importer(815301076,1909f56bfc062723c751e8b465ee728b)
Start importing Assets/Scripts/Interface/Interface.cs using Guid(871a609fe3c132c4fb60024460ac7ea8) Importer(815301076,1909f56bfc062723c751e8b465ee728b)  -> (artifact id: 'a1559d4b04728ffcea422b25be51ecaa') in 0.038531 seconds
  Import took 0.044948 seconds .

========================================================================
Received Prepare
Registering precompiled user dll's ...
Registered in 0.053026 seconds.
Begin MonoManager ReloadAssembly
Symbol file LoadedFromMemory doesn't match image C:\Users\acocan\Documents\GitHub\Marche-l-ombre\Library\PackageCache\com.unity.collab-proxy@1.15.15\Lib\Editor\PlasticSCM\unityplastic.dll
Native extension for LinuxStandalone target not found
Native extension for WindowsStandalone target not found
Native extension for OSXStandalone target not found
Native extension for WebGL target not found
Refreshing native plugins compatible for Editor in 1.74 ms, found 14 plugins.
Preloading 0 native plugins for Editor in 0.00 ms.
Mono: successfully reloaded assembly
- Completed reload, in  1.484 seconds
Platform modules already initialized, skipping
Refreshing native plugins compatible for Editor in 3.16 ms, found 14 plugins.
Preloading 0 native plugins for Editor in 0.00 ms.
Unloading 2902 Unused Serialized files (Serialized files now loaded: 0)
System memory in use before: 117.9 MB.
System memory in use after: 118.2 MB.

Unloading 127 unused Assets to reduce memory usage. Loaded Objects now: 3329.
Total: 5.157090 ms (FindLiveObjects: 0.863815 ms CreateObjectMapping: 0.205829 ms MarkObjects: 3.983700 ms  DeleteObjects: 0.102082 ms)

========================================================================
Received Import Request.
  Time since last request: 61.470166 seconds.
  path: Assets/Scripts/Interface/Interface.cs
  artifactKey: Guid(871a609fe3c132c4fb60024460ac7ea8) Importer(815301076,1909f56bfc062723c751e8b465ee728b)
Start importing Assets/Scripts/Interface/Interface.cs using Guid(871a609fe3c132c4fb60024460ac7ea8) Importer(815301076,1909f56bfc062723c751e8b465ee728b)  -> (artifact id: 'a81636c8f9c5d97240aef8edf34dbe88') in 0.008884 seconds
  Import took 0.015685 seconds .

========================================================================
Received Prepare
Registering precompiled user dll's ...
Registered in 0.047496 seconds.
Begin MonoManager ReloadAssembly
Symbol file LoadedFromMemory doesn't match image C:\Users\acocan\Documents\GitHub\Marche-l-ombre\Library\PackageCache\com.unity.collab-proxy@1.15.15\Lib\Editor\PlasticSCM\unityplastic.dll
Native extension for LinuxStandalone target not found
Native extension for WindowsStandalone target not found
Native extension for OSXStandalone target not found
Native extension for WebGL target not found
Refreshing native plugins compatible for Editor in 1.68 ms, found 14 plugins.
Preloading 0 native plugins for Editor in 0.00 ms.
Mono: successfully reloaded assembly
- Completed reload, in  1.466 seconds
Platform modules already initialized, skipping
Refreshing native plugins compatible for Editor in 1.54 ms, found 14 plugins.
Preloading 0 native plugins for Editor in 0.00 ms.
Unloading 2902 Unused Serialized files (Serialized files now loaded: 0)
System memory in use before: 118.0 MB.
System memory in use after: 118.2 MB.

Unloading 127 unused Assets to reduce memory usage. Loaded Objects now: 3333.
Total: 4.792590 ms (FindLiveObjects: 0.455763 ms CreateObjectMapping: 0.159503 ms MarkObjects: 4.076351 ms  DeleteObjects: 0.098476 ms)

========================================================================
Received Import Request.
  Time since last request: 48.367438 seconds.
  path: Assets/Scripts/Interface/Interface.cs
  artifactKey: Guid(871a609fe3c132c4fb60024460ac7ea8) Importer(815301076,1909f56bfc062723c751e8b465ee728b)
Start importing Assets/Scripts/Interface/Interface.cs using Guid(871a609fe3c132c4fb60024460ac7ea8) Importer(815301076,1909f56bfc062723c751e8b465ee728b)  -> (artifact id: 'bfd112a788d39ed435ccb359000a2423') in 0.009306 seconds
  Import took 0.015817 seconds .

========================================================================
Received Import Request.
  Time since last request: 6.175331 seconds.
  path: Assets/Scripts/Interface/Interface.cs
  artifactKey: Guid(871a609fe3c132c4fb60024460ac7ea8) Importer(815301076,1909f56bfc062723c751e8b465ee728b)
Start importing Assets/Scripts/Interface/Interface.cs using Guid(871a609fe3c132c4fb60024460ac7ea8) Importer(815301076,1909f56bfc062723c751e8b465ee728b)  -> (artifact id: 'bfd112a788d39ed435ccb359000a2423') in 0.004134 seconds
  Import took 0.009900 seconds .

========================================================================
Received Prepare
Registering precompiled user dll's ...
Registered in 0.053180 seconds.
Begin MonoManager ReloadAssembly
Symbol file LoadedFromMemory doesn't match image C:\Users\acocan\Documents\GitHub\Marche-l-ombre\Library\PackageCache\com.unity.collab-proxy@1.15.15\Lib\Editor\PlasticSCM\unityplastic.dll
Native extension for LinuxStandalone target not found
Native extension for WindowsStandalone target not found
Native extension for OSXStandalone target not found
Native extension for WebGL target not found
Refreshing native plugins compatible for Editor in 2.30 ms, found 14 plugins.
Preloading 0 native plugins for Editor in 0.00 ms.
Mono: successfully reloaded assembly
- Completed reload, in  1.547 seconds
Platform modules already initialized, skipping
Refreshing native plugins compatible for Editor in 2.72 ms, found 14 plugins.
Preloading 0 native plugins for Editor in 0.00 ms.
Unloading 2902 Unused Serialized files (Serialized files now loaded: 0)
System memory in use before: 118.0 MB.
System memory in use after: 118.2 MB.

Unloading 127 unused Assets to reduce memory usage. Loaded Objects now: 3337.
Total: 3.390348 ms (FindLiveObjects: 0.267133 ms CreateObjectMapping: 0.119003 ms MarkObjects: 2.899910 ms  DeleteObjects: 0.103192 ms)

========================================================================
Received Import Request.
  Time since last request: 128.540353 seconds.
  path: Assets/Scripts/Interface/Interface.cs
  artifactKey: Guid(871a609fe3c132c4fb60024460ac7ea8) Importer(815301076,1909f56bfc062723c751e8b465ee728b)
Start importing Assets/Scripts/Interface/Interface.cs using Guid(871a609fe3c132c4fb60024460ac7ea8) Importer(815301076,1909f56bfc062723c751e8b465ee728b)  -> (artifact id: '44d3a57533aec58bf33784f853cc9290') in 0.010187 seconds
  Import took 0.017994 seconds .

========================================================================
Received Import Request.
  Time since last request: 6.279713 seconds.
  path: Assets/Scripts/Interface/Interface.cs
  artifactKey: Guid(871a609fe3c132c4fb60024460ac7ea8) Importer(815301076,1909f56bfc062723c751e8b465ee728b)
Start importing Assets/Scripts/Interface/Interface.cs using Guid(871a609fe3c132c4fb60024460ac7ea8) Importer(815301076,1909f56bfc062723c751e8b465ee728b)  -> (artifact id: '44d3a57533aec58bf33784f853cc9290') in 0.004050 seconds
  Import took 0.010923 seconds .

========================================================================
Received Prepare
Registering precompiled user dll's ...
Registered in 0.044971 seconds.
Begin MonoManager ReloadAssembly
Symbol file LoadedFromMemory doesn't match image C:\Users\acocan\Documents\GitHub\Marche-l-ombre\Library\PackageCache\com.unity.collab-proxy@1.15.15\Lib\Editor\PlasticSCM\unityplastic.dll
Native extension for LinuxStandalone target not found
Native extension for WindowsStandalone target not found
Native extension for OSXStandalone target not found
Native extension for WebGL target not found
Refreshing native plugins compatible for Editor in 1.68 ms, found 14 plugins.
Preloading 0 native plugins for Editor in 0.00 ms.
Mono: successfully reloaded assembly
- Completed reload, in  1.443 seconds
Platform modules already initialized, skipping
Refreshing native plugins compatible for Editor in 1.91 ms, found 14 plugins.
Preloading 0 native plugins for Editor in 0.00 ms.
Unloading 2902 Unused Serialized files (Serialized files now loaded: 0)
System memory in use before: 118.0 MB.
System memory in use after: 118.2 MB.

Unloading 127 unused Assets to reduce memory usage. Loaded Objects now: 3341.
Total: 3.810882 ms (FindLiveObjects: 0.453267 ms CreateObjectMapping: 0.119836 ms MarkObjects: 3.115170 ms  DeleteObjects: 0.120668 ms)

========================================================================
Received Prepare
Registering precompiled user dll's ...
Registered in 0.050340 seconds.
Begin MonoManager ReloadAssembly
Symbol file LoadedFromMemory doesn't match image C:\Users\acocan\Documents\GitHub\Marche-l-ombre\Library\PackageCache\com.unity.collab-proxy@1.15.15\Lib\Editor\PlasticSCM\unityplastic.dll
Native extension for LinuxStandalone target not found
Native extension for WindowsStandalone target not found
Native extension for OSXStandalone target not found
Native extension for WebGL target not found
Refreshing native plugins compatible for Editor in 1.73 ms, found 14 plugins.
Preloading 0 native plugins for Editor in 0.00 ms.
Mono: successfully reloaded assembly
- Completed reload, in  1.517 seconds
Platform modules already initialized, skipping
Refreshing native plugins compatible for Editor in 1.59 ms, found 14 plugins.
Preloading 0 native plugins for Editor in 0.00 ms.
Unloading 2902 Unused Serialized files (Serialized files now loaded: 0)
System memory in use before: 118.0 MB.
System memory in use after: 118.2 MB.

Unloading 127 unused Assets to reduce memory usage. Loaded Objects now: 3345.
Total: 2.842488 ms (FindLiveObjects: 0.299034 ms CreateObjectMapping: 0.118726 ms MarkObjects: 2.260509 ms  DeleteObjects: 0.163110 ms)

========================================================================
Received Import Request.
  Time since last request: 378.753433 seconds.
  path: Assets/Scripts/Interface/Interface.cs
  artifactKey: Guid(871a609fe3c132c4fb60024460ac7ea8) Importer(815301076,1909f56bfc062723c751e8b465ee728b)
Start importing Assets/Scripts/Interface/Interface.cs using Guid(871a609fe3c132c4fb60024460ac7ea8) Importer(815301076,1909f56bfc062723c751e8b465ee728b)  -> (artifact id: '018110b3ba924663d8318cddb7508b88') in 0.010573 seconds
  Import took 0.015813 seconds .

========================================================================
Received Prepare
Registering precompiled user dll's ...
Registered in 0.062542 seconds.
Begin MonoManager ReloadAssembly
Symbol file LoadedFromMemory doesn't match image C:\Users\acocan\Documents\GitHub\Marche-l-ombre\Library\PackageCache\com.unity.collab-proxy@1.15.15\Lib\Editor\PlasticSCM\unityplastic.dll
Native extension for LinuxStandalone target not found
Native extension for WindowsStandalone target not found
Native extension for OSXStandalone target not found
Native extension for WebGL target not found
Refreshing native plugins compatible for Editor in 2.08 ms, found 14 plugins.
Preloading 0 native plugins for Editor in 0.00 ms.
Mono: successfully reloaded assembly
- Completed reload, in  1.900 seconds
Platform modules already initialized, skipping
Refreshing native plugins compatible for Editor in 2.35 ms, found 14 plugins.
Preloading 0 native plugins for Editor in 0.00 ms.
Unloading 2902 Unused Serialized files (Serialized files now loaded: 0)
System memory in use before: 118.0 MB.
System memory in use after: 118.2 MB.

Unloading 127 unused Assets to reduce memory usage. Loaded Objects now: 3349.
Total: 4.296327 ms (FindLiveObjects: 0.352849 ms CreateObjectMapping: 0.156452 ms MarkObjects: 3.717399 ms  DeleteObjects: 0.068240 ms)

========================================================================
Received Import Request.
  Time since last request: 249.286718 seconds.
  path: Assets/Scripts/Interface/Interface.cs
  artifactKey: Guid(871a609fe3c132c4fb60024460ac7ea8) Importer(815301076,1909f56bfc062723c751e8b465ee728b)
Start importing Assets/Scripts/Interface/Interface.cs using Guid(871a609fe3c132c4fb60024460ac7ea8) Importer(815301076,1909f56bfc062723c751e8b465ee728b)  -> (artifact id: '38e64146e4eba7e4bd870ed46b0dcd5c') in 0.009730 seconds
  Import took 0.017665 seconds .

========================================================================
Received Prepare
Registering precompiled user dll's ...
Registered in 0.050629 seconds.
Begin MonoManager ReloadAssembly
Symbol file LoadedFromMemory doesn't match image C:\Users\acocan\Documents\GitHub\Marche-l-ombre\Library\PackageCache\com.unity.collab-proxy@1.15.15\Lib\Editor\PlasticSCM\unityplastic.dll
Native extension for LinuxStandalone target not found
Native extension for WindowsStandalone target not found
Native extension for OSXStandalone target not found
Native extension for WebGL target not found
Refreshing native plugins compatible for Editor in 2.72 ms, found 14 plugins.
Preloading 0 native plugins for Editor in 0.00 ms.
Mono: successfully reloaded assembly
- Completed reload, in  1.530 seconds
Platform modules already initialized, skipping
Refreshing native plugins compatible for Editor in 1.59 ms, found 14 plugins.
Preloading 0 native plugins for Editor in 0.00 ms.
Unloading 2902 Unused Serialized files (Serialized files now loaded: 0)
System memory in use before: 118.0 MB.
System memory in use after: 118.2 MB.

Unloading 127 unused Assets to reduce memory usage. Loaded Objects now: 3353.
Total: 4.560409 ms (FindLiveObjects: 0.455763 ms CreateObjectMapping: 0.271572 ms MarkObjects: 3.762337 ms  DeleteObjects: 0.069072 ms)

========================================================================
Received Import Request.
  Time since last request: 25.080541 seconds.
  path: Assets/Scripts/Interface/Interface.cs
  artifactKey: Guid(871a609fe3c132c4fb60024460ac7ea8) Importer(815301076,1909f56bfc062723c751e8b465ee728b)
Start importing Assets/Scripts/Interface/Interface.cs using Guid(871a609fe3c132c4fb60024460ac7ea8) Importer(815301076,1909f56bfc062723c751e8b465ee728b)  -> (artifact id: '2cb497d545b626305721b8a12959962a') in 0.009246 seconds
  Import took 0.016484 seconds .

========================================================================
Received Import Request.
  Time since last request: 6.212906 seconds.
  path: Assets/Scripts/Interface/Interface.cs
  artifactKey: Guid(871a609fe3c132c4fb60024460ac7ea8) Importer(815301076,1909f56bfc062723c751e8b465ee728b)
Start importing Assets/Scripts/Interface/Interface.cs using Guid(871a609fe3c132c4fb60024460ac7ea8) Importer(815301076,1909f56bfc062723c751e8b465ee728b)  -> (artifact id: '2cb497d545b626305721b8a12959962a') in 0.004312 seconds
  Import took 0.010110 seconds .

========================================================================
Received Import Request.
  Time since last request: 69.458854 seconds.
  path: Assets/Scripts/Interface/BackButton.cs
  artifactKey: Guid(91141e3a46d774145a7ca3d058c89cc4) Importer(815301076,1909f56bfc062723c751e8b465ee728b)
Start importing Assets/Scripts/Interface/BackButton.cs using Guid(91141e3a46d774145a7ca3d058c89cc4) Importer(815301076,1909f56bfc062723c751e8b465ee728b)  -> (artifact id: 'dc50d9637fcb90cb79e86ea8c511e0ae') in 0.005846 seconds
  Import took 0.013891 seconds .

========================================================================
Received Prepare
Registering precompiled user dll's ...
Registered in 0.044631 seconds.
Begin MonoManager ReloadAssembly
Symbol file LoadedFromMemory doesn't match image C:\Users\acocan\Documents\GitHub\Marche-l-ombre\Library\PackageCache\com.unity.collab-proxy@1.15.15\Lib\Editor\PlasticSCM\unityplastic.dll
Native extension for LinuxStandalone target not found
Native extension for WindowsStandalone target not found
Native extension for OSXStandalone target not found
Native extension for WebGL target not found
Refreshing native plugins compatible for Editor in 1.82 ms, found 14 plugins.
Preloading 0 native plugins for Editor in 0.00 ms.
Mono: successfully reloaded assembly
- Completed reload, in  1.450 seconds
Platform modules already initialized, skipping
Refreshing native plugins compatible for Editor in 1.82 ms, found 14 plugins.
Preloading 0 native plugins for Editor in 0.00 ms.
Unloading 2902 Unused Serialized files (Serialized files now loaded: 0)
System memory in use before: 118.0 MB.
System memory in use after: 118.2 MB.

Unloading 127 unused Assets to reduce memory usage. Loaded Objects now: 3357.
Total: 3.495759 ms (FindLiveObjects: 0.288216 ms CreateObjectMapping: 0.119558 ms MarkObjects: 3.015029 ms  DeleteObjects: 0.071568 ms)

========================================================================
Received Prepare
Registering precompiled user dll's ...
Registered in 0.048868 seconds.
Begin MonoManager ReloadAssembly
Symbol file LoadedFromMemory doesn't match image C:\Users\acocan\Documents\GitHub\Marche-l-ombre\Library\PackageCache\com.unity.collab-proxy@1.15.15\Lib\Editor\PlasticSCM\unityplastic.dll
Native extension for LinuxStandalone target not found
Native extension for WindowsStandalone target not found
Native extension for OSXStandalone target not found
Native extension for WebGL target not found
Refreshing native plugins compatible for Editor in 1.88 ms, found 14 plugins.
Preloading 0 native plugins for Editor in 0.00 ms.
Mono: successfully reloaded assembly
- Completed reload, in  1.512 seconds
Platform modules already initialized, skipping
Refreshing native plugins compatible for Editor in 2.15 ms, found 14 plugins.
Preloading 0 native plugins for Editor in 0.00 ms.
Unloading 2902 Unused Serialized files (Serialized files now loaded: 0)
System memory in use before: 118.0 MB.
System memory in use after: 118.2 MB.

Unloading 127 unused Assets to reduce memory usage. Loaded Objects now: 3361.
Total: 2.864958 ms (FindLiveObjects: 0.290435 ms CreateObjectMapping: 0.119558 ms MarkObjects: 2.393382 ms  DeleteObjects: 0.059640 ms)

========================================================================
Received Import Request.
  Time since last request: 316.557802 seconds.
  path: Assets/Scripts/Interface/Interface.cs
  artifactKey: Guid(871a609fe3c132c4fb60024460ac7ea8) Importer(815301076,1909f56bfc062723c751e8b465ee728b)
Start importing Assets/Scripts/Interface/Interface.cs using Guid(871a609fe3c132c4fb60024460ac7ea8) Importer(815301076,1909f56bfc062723c751e8b465ee728b)  -> (artifact id: '83d4462a12ed0b09404caa77a02493aa') in 0.009535 seconds
  Import took 0.015524 seconds .

========================================================================
Received Import Request.
  Time since last request: 0.009092 seconds.
  path: Assets/Scripts/Interface/Interface.cs
  artifactKey: Guid(871a609fe3c132c4fb60024460ac7ea8) Importer(815301076,1909f56bfc062723c751e8b465ee728b)
Start importing Assets/Scripts/Interface/Interface.cs using Guid(871a609fe3c132c4fb60024460ac7ea8) Importer(815301076,1909f56bfc062723c751e8b465ee728b)  -> (artifact id: '83d4462a12ed0b09404caa77a02493aa') in 0.005990 seconds
  Import took 0.011794 seconds .

========================================================================
Received Prepare
Registering precompiled user dll's ...
Registered in 0.097002 seconds.
Begin MonoManager ReloadAssembly
Symbol file LoadedFromMemory doesn't match image C:\Users\acocan\Documents\GitHub\Marche-l-ombre\Library\PackageCache\com.unity.collab-proxy@1.15.15\Lib\Editor\PlasticSCM\unityplastic.dll
Native extension for LinuxStandalone target not found
Native extension for WindowsStandalone target not found
Native extension for OSXStandalone target not found
Native extension for WebGL target not found
Refreshing native plugins compatible for Editor in 3.30 ms, found 14 plugins.
Preloading 0 native plugins for Editor in 0.00 ms.
Mono: successfully reloaded assembly
- Completed reload, in  1.802 seconds
Platform modules already initialized, skipping
Refreshing native plugins compatible for Editor in 6.75 ms, found 14 plugins.
Preloading 0 native plugins for Editor in 0.00 ms.
Unloading 2902 Unused Serialized files (Serialized files now loaded: 0)
System memory in use before: 118.0 MB.
System memory in use after: 118.3 MB.

Unloading 127 unused Assets to reduce memory usage. Loaded Objects now: 3365.
Total: 4.350697 ms (FindLiveObjects: 0.291822 ms CreateObjectMapping: 0.134260 ms MarkObjects: 3.856930 ms  DeleteObjects: 0.066298 ms)

========================================================================
Received Import Request.
  Time since last request: 11.200362 seconds.
  path: Assets/Scripts/Interface/InterfaceManager.cs
  artifactKey: Guid(871a609fe3c132c4fb60024460ac7ea8) Importer(815301076,1909f56bfc062723c751e8b465ee728b)
Start importing Assets/Scripts/Interface/InterfaceManager.cs using Guid(871a609fe3c132c4fb60024460ac7ea8) Importer(815301076,1909f56bfc062723c751e8b465ee728b)  -> (artifact id: '55643b9e35e76c697efa08ad7aa57e19') in 0.011951 seconds
  Import took 0.020287 seconds .

========================================================================
Received Prepare
Registering precompiled user dll's ...
Registered in 0.049823 seconds.
Begin MonoManager ReloadAssembly
Symbol file LoadedFromMemory doesn't match image C:\Users\acocan\Documents\GitHub\Marche-l-ombre\Library\PackageCache\com.unity.collab-proxy@1.15.15\Lib\Editor\PlasticSCM\unityplastic.dll
Native extension for LinuxStandalone target not found
Native extension for WindowsStandalone target not found
Native extension for OSXStandalone target not found
Native extension for WebGL target not found
Refreshing native plugins compatible for Editor in 2.78 ms, found 14 plugins.
Preloading 0 native plugins for Editor in 0.00 ms.
Mono: successfully reloaded assembly
- Completed reload, in  1.454 seconds
Platform modules already initialized, skipping
Refreshing native plugins compatible for Editor in 1.86 ms, found 14 plugins.
Preloading 0 native plugins for Editor in 0.00 ms.
Unloading 2902 Unused Serialized files (Serialized files now loaded: 0)
System memory in use before: 118.0 MB.
System memory in use after: 118.3 MB.

Unloading 127 unused Assets to reduce memory usage. Loaded Objects now: 3369.
Total: 4.539604 ms (FindLiveObjects: 0.356455 ms CreateObjectMapping: 0.273514 ms MarkObjects: 3.835293 ms  DeleteObjects: 0.072955 ms)

========================================================================
Received Prepare
Registering precompiled user dll's ...
Registered in 0.046054 seconds.
Begin MonoManager ReloadAssembly
Symbol file LoadedFromMemory doesn't match image C:\Users\acocan\Documents\GitHub\Marche-l-ombre\Library\PackageCache\com.unity.collab-proxy@1.15.15\Lib\Editor\PlasticSCM\unityplastic.dll
Native extension for LinuxStandalone target not found
Native extension for WindowsStandalone target not found
Native extension for OSXStandalone target not found
Native extension for WebGL target not found
Refreshing native plugins compatible for Editor in 1.96 ms, found 14 plugins.
Preloading 0 native plugins for Editor in 0.00 ms.
Mono: successfully reloaded assembly
- Completed reload, in  1.428 seconds
Platform modules already initialized, skipping
Refreshing native plugins compatible for Editor in 1.77 ms, found 14 plugins.
Preloading 0 native plugins for Editor in 0.00 ms.
Unloading 2902 Unused Serialized files (Serialized files now loaded: 0)
System memory in use before: 118.0 MB.
System memory in use after: 118.3 MB.

Unloading 127 unused Assets to reduce memory usage. Loaded Objects now: 3373.
Total: 4.976504 ms (FindLiveObjects: 0.347579 ms CreateObjectMapping: 0.166716 ms MarkObjects: 4.358741 ms  DeleteObjects: 0.101805 ms)

========================================================================
Received Prepare
Registering precompiled user dll's ...
Registered in 0.048849 seconds.
Begin MonoManager ReloadAssembly
Symbol file LoadedFromMemory doesn't match image C:\Users\acocan\Documents\GitHub\Marche-l-ombre\Library\PackageCache\com.unity.collab-proxy@1.15.15\Lib\Editor\PlasticSCM\unityplastic.dll
Native extension for LinuxStandalone target not found
Native extension for WindowsStandalone target not found
Native extension for OSXStandalone target not found
Native extension for WebGL target not found
Refreshing native plugins compatible for Editor in 2.05 ms, found 14 plugins.
Preloading 0 native plugins for Editor in 0.00 ms.
Mono: successfully reloaded assembly
- Completed reload, in  1.528 seconds
Platform modules already initialized, skipping
Refreshing native plugins compatible for Editor in 1.81 ms, found 14 plugins.
Preloading 0 native plugins for Editor in 0.00 ms.
Unloading 2902 Unused Serialized files (Serialized files now loaded: 0)
System memory in use before: 118.1 MB.
System memory in use after: 118.3 MB.

Unloading 127 unused Assets to reduce memory usage. Loaded Objects now: 3377.
Total: 3.115725 ms (FindLiveObjects: 0.279339 ms CreateObjectMapping: 0.118449 ms MarkObjects: 2.653581 ms  DeleteObjects: 0.063247 ms)

========================================================================
Received Prepare
Registering precompiled user dll's ...
Registered in 0.048932 seconds.
Begin MonoManager ReloadAssembly
Symbol file LoadedFromMemory doesn't match image C:\Users\acocan\Documents\GitHub\Marche-l-ombre\Library\PackageCache\com.unity.collab-proxy@1.15.15\Lib\Editor\PlasticSCM\unityplastic.dll
Native extension for LinuxStandalone target not found
Native extension for WindowsStandalone target not found
Native extension for OSXStandalone target not found
Native extension for WebGL target not found
Refreshing native plugins compatible for Editor in 2.82 ms, found 14 plugins.
Preloading 0 native plugins for Editor in 0.00 ms.
Mono: successfully reloaded assembly
- Completed reload, in  1.543 seconds
Platform modules already initialized, skipping
Refreshing native plugins compatible for Editor in 2.44 ms, found 14 plugins.
Preloading 0 native plugins for Editor in 0.00 ms.
Unloading 2902 Unused Serialized files (Serialized files now loaded: 0)
System memory in use before: 118.1 MB.
System memory in use after: 118.3 MB.

Unloading 127 unused Assets to reduce memory usage. Loaded Objects now: 3381.
Total: 3.988138 ms (FindLiveObjects: 0.616654 ms CreateObjectMapping: 0.206938 ms MarkObjects: 3.089927 ms  DeleteObjects: 0.073233 ms)

========================================================================
Received Prepare
Registering precompiled user dll's ...
Registered in 0.061749 seconds.
Begin MonoManager ReloadAssembly
Symbol file LoadedFromMemory doesn't match image C:\Users\acocan\Documents\GitHub\Marche-l-ombre\Library\PackageCache\com.unity.collab-proxy@1.15.15\Lib\Editor\PlasticSCM\unityplastic.dll
Native extension for LinuxStandalone target not found
Native extension for WindowsStandalone target not found
Native extension for OSXStandalone target not found
Native extension for WebGL target not found
Refreshing native plugins compatible for Editor in 4.07 ms, found 14 plugins.
Preloading 0 native plugins for Editor in 0.00 ms.
Mono: successfully reloaded assembly
- Completed reload, in  2.107 seconds
Platform modules already initialized, skipping
Refreshing native plugins compatible for Editor in 2.61 ms, found 14 plugins.
Preloading 0 native plugins for Editor in 0.00 ms.
Unloading 2902 Unused Serialized files (Serialized files now loaded: 0)
System memory in use before: 118.1 MB.
System memory in use after: 118.3 MB.

Unloading 127 unused Assets to reduce memory usage. Loaded Objects now: 3385.
Total: 3.994519 ms (FindLiveObjects: 0.487942 ms CreateObjectMapping: 0.155342 ms MarkObjects: 3.272177 ms  DeleteObjects: 0.077949 ms)

========================================================================
Received Prepare
Registering precompiled user dll's ...
Registered in 0.063185 seconds.
Begin MonoManager ReloadAssembly
Symbol file LoadedFromMemory doesn't match image C:\Users\acocan\Documents\GitHub\Marche-l-ombre\Library\PackageCache\com.unity.collab-proxy@1.15.15\Lib\Editor\PlasticSCM\unityplastic.dll
Native extension for LinuxStandalone target not found
Native extension for WindowsStandalone target not found
Native extension for OSXStandalone target not found
Native extension for WebGL target not found
Refreshing native plugins compatible for Editor in 2.69 ms, found 14 plugins.
Preloading 0 native plugins for Editor in 0.00 ms.
Mono: successfully reloaded assembly
- Completed reload, in  2.006 seconds
Platform modules already initialized, skipping
Refreshing native plugins compatible for Editor in 1.74 ms, found 14 plugins.
Preloading 0 native plugins for Editor in 0.00 ms.
Unloading 2902 Unused Serialized files (Serialized files now loaded: 0)
System memory in use before: 118.1 MB.
System memory in use after: 118.3 MB.

Unloading 127 unused Assets to reduce memory usage. Loaded Objects now: 3389.
Total: 2.984793 ms (FindLiveObjects: 0.392794 ms CreateObjectMapping: 0.145911 ms MarkObjects: 2.388112 ms  DeleteObjects: 0.056866 ms)

AssetImportWorkerClient::OnTransportError - code=2 error=End of file
